<?xml version="1.0" encoding="UTF-8"?>
<!-- Generated by org.testng.reporters.JUnitReportReporter -->
<testsuite hostname="SEZ-LAP-49" name="com.monsanto.testcases.LoginPageTest" tests="7" failures="0" timestamp="4 Jul 2019 09:40:54 GMT" time="72.606" errors="0">
  <testcase name="loginPagePasswordLabelTest" time="8.178" classname="com.monsanto.testcases.LoginPageTest"/>
  <testcase name="loginPageLabelTest" time="7.155" classname="com.monsanto.testcases.LoginPageTest"/>
  <testcase name="loginPageNotYetRegisteredLabelTest" time="7.545" classname="com.monsanto.testcases.LoginPageTest"/>
  <testcase name="loginPageUserNameLabelTest" time="20.679" classname="com.monsanto.testcases.LoginPageTest"/>
  <testcase name="clickOnLoginButton" time="8.427" classname="com.monsanto.testcases.LoginPageTest"/>
  <testcase name="loginPageTitleTest" time="8.388" classname="com.monsanto.testcases.LoginPageTest"/>
  <testcase name="loginPageRemeberMeLabelTest" time="12.234" classname="com.monsanto.testcases.LoginPageTest"/>
</testsuite> <!-- com.monsanto.testcases.LoginPageTest -->
